Build started 22/01/2016 11:51:11.
     1>Project "C:\Users\e.yilmaz\Source\Repos\CroppingCharacters\CroppingCharacters\CroppingCharacters.vcxproj" on node 2 (Build target(s)).
     1>ClCompile:
         C:\Program Files (x86)\Microsoft Visual Studio 12.0\VC\bin\CL.exe /c /I..\..\..\Libraries\OpenCV\3.0.0\include /I..\..\..\Libraries\boost\boost_1_57_0 /Zi /nologo /W3 /WX- /sdl /Od /Oy- /D WIN32 /D _MBCS /D _DEBUG /D _UNICODE /D UNICODE /Gm /EHsc /RTC1 /MTd /GS /fp:precise /Zc:wchar_t /Zc:forScope /Fo"Debug\\" /Fd"Debug\vc120.pdb" /Gd /TP /analyze- /errorReport:prompt main.cpp
         main.cpp
     1>main.cpp(24): warning C4129: 'A' : unrecognized character escape sequence
     1>main.cpp(170): warning C4129: '*' : unrecognized character escape sequence
     1>main.cpp(176): warning C4129: ':' : unrecognized character escape sequence
     1>main.cpp(182): warning C4129: '<' : unrecognized character escape sequence
     1>main.cpp(185): warning C4129: '>' : unrecognized character escape sequence
     1>main.cpp(188): warning C4129: '|' : unrecognized character escape sequence
     1>main.cpp(191): warning C4129: '/' : unrecognized character escape sequence
     1>main.cpp(193): warning C4129: '.' : unrecognized character escape sequence
     1>main.cpp(219): warning C4244: 'argument' : conversion from 'float' to 'int', possible loss of data
     1>main.cpp(487): warning C4244: 'argument' : conversion from 'float' to 'int', possible loss of data
     1>main.cpp(529): warning C4129: '*' : unrecognized character escape sequence
     1>main.cpp(535): warning C4129: ':' : unrecognized character escape sequence
     1>main.cpp(541): warning C4129: '<' : unrecognized character escape sequence
     1>main.cpp(544): warning C4129: '>' : unrecognized character escape sequence
     1>main.cpp(547): warning C4129: '|' : unrecognized character escape sequence
     1>main.cpp(550): warning C4129: '/' : unrecognized character escape sequence
     1>main.cpp(552): warning C4129: '.' : unrecognized character escape sequence
       Link:
         C:\Program Files (x86)\Microsoft Visual Studio 12.0\VC\bin\link.exe /ERRORREPORT:PROMPT /OUT:"C:\Users\e.yilmaz\Source\Repos\CroppingCharacters\Debug\CroppingCharacters.exe" /INCREMENTAL /NOLOGO /LIBPATH:..\..\..\Libraries\OpenCV\3.0.0\x86\vc12\staticlib /LIBPATH:..\..\..\Libraries\boost\boost_1_57_0\stage\lib\x86 /LIBPATH:kernel32.lib /LIBPATH:user32.lib /LIBPATH:gdi32.lib /LIBPATH:winspool.lib /LIBPATH:comdlg32.lib /LIBPATH:advapi32.lib /LIBPATH:shell32.lib /LIBPATH:ole32.lib /LIBPATH:oleaut32.lib /LIBPATH:uuid.lib /LIBPATH:odbc32.lib /LIBPATH:odbccp32.lib opencv_xfeatures2d300d.lib opencv_text300d.lib giflib416d.lib ws2_32.lib vfw32.lib opencv_videostab300d.lib opencv_videoio300d.lib opencv_video300d.lib opencv_ts300d.lib opencv_superres300d.lib opencv_stitching300d.lib opencv_shape300d.lib opencv_photo300d.lib opencv_ml300d.lib opencv_imgproc300d.lib opencv_imgcodecs300d.lib opencv_highgui300d.lib opencv_hal300d.lib opencv_flann300d.lib opencv_features2d300d.lib opencv_core300d.lib opencv_calib3d300d.lib libwebpd.lib libtiffd.lib libpngd.lib libjpegd.lib libjasperd.lib ippicvmt.lib IlmImfd.lib zlibd.lib comctl32.lib kernel32.lib user32.lib gdi32.lib winspool.lib comdlg32.lib advapi32.lib shell32.lib ole32.lib oleaut32.lib uuid.lib odbc32.lib odbccp32.lib /MANIFEST /MANIFESTUAC:"level='asInvoker' uiAccess='false'" /manifest:embed /DEBUG /PDB:"C:\Users\e.yilmaz\Source\Repos\CroppingCharacters\Debug\CroppingCharacters.pdb" /SUBSYSTEM:CONSOLE /TLBID:1 /DYNAMICBASE /NXCOMPAT /IMPLIB:"C:\Users\e.yilmaz\Source\Repos\CroppingCharacters\Debug\CroppingCharacters.lib" /MACHINE:X86 Debug\DetectFace.obj
         Debug\main.obj
         Debug\objectDetection.obj
         Debug\cascadedetect.obj
         Debug\cascadedetect_convert.obj
         Debug\detection_based_tracker.obj
         Debug\haar.obj
         CroppingCharacters.vcxproj -> C:\Users\e.yilmaz\Source\Repos\CroppingCharacters\Debug\CroppingCharacters.exe
     1>Done Building Project "C:\Users\e.yilmaz\Source\Repos\CroppingCharacters\CroppingCharacters\CroppingCharacters.vcxproj" (Build target(s)).

Build succeeded.

Time Elapsed 00:00:18.28
